<?xml version="1.0" encoding="UTF-8"?>
<!-- Generated by org.testng.reporters.JUnitReportReporter -->
<testsuite skipped="0" hostname="HDC3-L-01FDU7" name="seleniumTestNG.JavaScriptExe" tests="1" failures="0" timestamp="14 Jun 2020 15:15:50 GMT" time="4.909" errors="1">
  <testcase name="Login" time="4.909" classname="seleniumTestNG.JavaScriptExe">
    <error type="org.openqa.selenium.SessionNotCreatedException" message="session not created: This version of ChromeDriver only supports Chrome version 77
Build info: version: &#039;4.0.0-alpha-1&#039;, revision: &#039;d1d3728cae&#039;, time: &#039;2019-04-24T13:42:21&#039;
System info: host: &#039;HDC3-L-01FDU7&#039;, ip: &#039;192.168.0.104&#039;, os.name: &#039;Windows 10&#039;, os.arch: &#039;amd64&#039;, os.version: &#039;10.0&#039;, java.version: &#039;1.8.0_211&#039;
Driver info: driver.version: ChromeDriver
remote stacktrace: Backtrace:
	Ordinal0 [0x0055EB13+1501971]
	Ordinal0 [0x004DF6D1+980689]
	Ordinal0 [0x0046765F+489055]
	Ordinal0 [0x003FF2F4+62196]
	Ordinal0 [0x003FBCDA+48346]
	Ordinal0 [0x00419800+169984]
	Ordinal0 [0x0041942D+169005]
	Ordinal0 [0x004178EB+162027]
	Ordinal0 [0x00400AC7+68295]
	Ordinal0 [0x00401B40+72512]
	Ordinal0 [0x00401AD9+72409]
	Ordinal0 [0x004F8F37+1085239]
	GetHandleVerifier [0x005FD7ED+503293]
	GetHandleVerifier [0x005FD580+502672]
	GetHandleVerifier [0x006046AC+531644]
	GetHandleVerifier [0x005FDFFA+505354]
	Ordinal0 [0x004F0606+1050118]
	Ordinal0 [0x004F047F+1049727]
	Ordinal0 [0x004FAF9B+1093531]
	Ordinal0 [0x004FB103+1093891]
	Ordinal0 [0x004FA095+1089685]
	BaseThreadInitThunk [0x75706359+25]
	RtlGetAppContainerNamedObjectPath [0x77567C24+228]
	RtlGetAppContainerNamedObjectPath [0x77567BF4+180]
">
      <![CDATA[org.openqa.selenium.SessionNotCreatedException: session not created: This version of ChromeDriver only supports Chrome version 77
Build info: version: '4.0.0-alpha-1', revision: 'd1d3728cae', time: '2019-04-24T13:42:21'
System info: host: 'HDC3-L-01FDU7', ip: '192.168.0.104', os.name: 'Windows 10', os.arch: 'amd64', os.version: '10.0', java.version: '1.8.0_211'
Driver info: driver.version: ChromeDriver
remote stacktrace: Backtrace:
Ordinal0 [0x0055EB13+1501971]
Ordinal0 [0x004DF6D1+980689]
Ordinal0 [0x0046765F+489055]
Ordinal0 [0x003FF2F4+62196]
Ordinal0 [0x003FBCDA+48346]
Ordinal0 [0x00419800+169984]
Ordinal0 [0x0041942D+169005]
Ordinal0 [0x004178EB+162027]
Ordinal0 [0x00400AC7+68295]
Ordinal0 [0x00401B40+72512]
Ordinal0 [0x00401AD9+72409]
Ordinal0 [0x004F8F37+1085239]
GetHandleVerifier [0x005FD7ED+503293]
GetHandleVerifier [0x005FD580+502672]
GetHandleVerifier [0x006046AC+531644]
GetHandleVerifier [0x005FDFFA+505354]
Ordinal0 [0x004F0606+1050118]
Ordinal0 [0x004F047F+1049727]
Ordinal0 [0x004FAF9B+1093531]
Ordinal0 [0x004FB103+1093891]
Ordinal0 [0x004FA095+1089685]
BaseThreadInitThunk [0x75706359+25]
RtlGetAppContainerNamedObjectPath [0x77567C24+228]
RtlGetAppContainerNamedObjectPath [0x77567BF4+180]

at sun.reflect.NativeConstructorAccessorImpl.newInstance0(Native Method)
at sun.reflect.NativeConstructorAccessorImpl.newInstance(NativeConstructorAccessorImpl.java:62)
at sun.reflect.DelegatingConstructorAccessorImpl.newInstance(DelegatingConstructorAccessorImpl.java:45)
at java.lang.reflect.Constructor.newInstance(Constructor.java:423)
at org.openqa.selenium.remote.W3CHandshakeResponse.lambda$errorHandler$0(W3CHandshakeResponse.java:62)
at org.openqa.selenium.remote.HandshakeResponse.lambda$getResponseFunction$0(HandshakeResponse.java:30)
at org.openqa.selenium.remote.ProtocolHandshake.lambda$createSession$0(ProtocolHandshake.java:126)
at java.util.stream.ReferencePipeline$3$1.accept(ReferencePipeline.java:193)
at java.util.Spliterators$ArraySpliterator.tryAdvance(Spliterators.java:958)
at java.util.stream.ReferencePipeline.forEachWithCancel(ReferencePipeline.java:126)
at java.util.stream.AbstractPipeline.copyIntoWithCancel(AbstractPipeline.java:498)
at java.util.stream.AbstractPipeline.copyInto(AbstractPipeline.java:485)
at java.util.stream.AbstractPipeline.wrapAndCopyInto(AbstractPipeline.java:471)
at java.util.stream.FindOps$FindOp.evaluateSequential(FindOps.java:152)
at java.util.stream.AbstractPipeline.evaluate(AbstractPipeline.java:234)
at java.util.stream.ReferencePipeline.findFirst(ReferencePipeline.java:464)
at org.openqa.selenium.remote.ProtocolHandshake.createSession(ProtocolHandshake.java:128)
at org.openqa.selenium.remote.ProtocolHandshake.createSession(ProtocolHandshake.java:74)
at org.openqa.selenium.remote.HttpCommandExecutor.execute(HttpCommandExecutor.java:139)
at org.openqa.selenium.remote.service.DriverCommandExecutor.execute(DriverCommandExecutor.java:83)
at org.openqa.selenium.remote.RemoteWebDriver.execute(RemoteWebDriver.java:577)
at org.openqa.selenium.remote.RemoteWebDriver.startSession(RemoteWebDriver.java:211)
at org.openqa.selenium.remote.RemoteWebDriver.<init>(RemoteWebDriver.java:131)
at org.openqa.selenium.chrome.ChromeDriver.<init>(ChromeDriver.java:189)
at org.openqa.selenium.chrome.ChromeDriver.<init>(ChromeDriver.java:176)
at org.openqa.selenium.chrome.ChromeDriver.<init>(ChromeDriver.java:131)
at seleniumTestNG.JavaScriptExe.Login(JavaScriptExe.java:24)
at sun.reflect.NativeMethodAccessorImpl.invoke0(Native Method)
at sun.reflect.NativeMethodAccessorImpl.invoke(NativeMethodAccessorImpl.java:62)
at sun.reflect.DelegatingMethodAccessorImpl.invoke(DelegatingMethodAccessorImpl.java:43)
at java.lang.reflect.Method.invoke(Method.java:498)
at org.testng.internal.MethodInvocationHelper.invokeMethod(MethodInvocationHelper.java:124)
at org.testng.internal.Invoker.invokeMethod(Invoker.java:583)
at org.testng.internal.Invoker.invokeTestMethod(Invoker.java:719)
at org.testng.internal.Invoker.invokeTestMethods(Invoker.java:989)
at org.testng.internal.TestMethodWorker.invokeTestMethods(TestMethodWorker.java:125)
at org.testng.internal.TestMethodWorker.run(TestMethodWorker.java:109)
at org.testng.TestRunner.privateRun(TestRunner.java:648)
at org.testng.TestRunner.run(TestRunner.java:505)
at org.testng.SuiteRunner.runTest(SuiteRunner.java:455)
at org.testng.SuiteRunner.runSequentially(SuiteRunner.java:450)
at org.testng.SuiteRunner.privateRun(SuiteRunner.java:415)
at org.testng.SuiteRunner.run(SuiteRunner.java:364)
at org.testng.SuiteRunnerWorker.runSuite(SuiteRunnerWorker.java:52)
at org.testng.SuiteRunnerWorker.run(SuiteRunnerWorker.java:84)
at org.testng.TestNG.runSuitesSequentially(TestNG.java:1208)
at org.testng.TestNG.runSuitesLocally(TestNG.java:1137)
at org.testng.TestNG.runSuites(TestNG.java:1049)
at org.testng.TestNG.run(TestNG.java:1017)
at org.testng.remote.AbstractRemoteTestNG.run(AbstractRemoteTestNG.java:115)
at org.testng.remote.RemoteTestNG.initAndRun(RemoteTestNG.java:251)
at org.testng.remote.RemoteTestNG.main(RemoteTestNG.java:77)
]]>
    </error>
  </testcase> <!-- Login -->
</testsuite> <!-- seleniumTestNG.JavaScriptExe -->
